[25Feb2025 04:46:38.607] [main/INFO] [cpw.mods.modlauncher.Launcher/MODLAUNCHER]: ModLauncher running: args [--launchTarget, forgeserver, --fml.forgeVersion, 40.2.21, --fml.mcVersion, 1.18.2, --fml.forgeGroup, net.minecraftforge, --fml.mcpVersion, 20220404.173914, nogui]
[25Feb2025 04:46:38.610] [main/INFO] [cpw.mods.modlauncher.Launcher/MODLAUNCHER]: ModLauncher 9.1.3+9.1.3+main.9b69c82a starting: java version 17.0.14 by Ubuntu
[25Feb2025 04:46:38.772] [main/INFO] [mixin/]: SpongePowered MIXIN Subsystem Version=0.8.5 Source=union:/workspaces/redesigned-disco/servidor_minecraft/libraries/org/spongepowered/mixin/0.8.5/mixin-0.8.5.jar%2314!/ Service=ModLauncher Env=SERVER
[25Feb2025 04:46:39.540] [main/WARN] [net.minecraftforge.fml.loading.moddiscovery.ModFileParser/LOADING]: Mod file /workspaces/redesigned-disco/servidor_minecraft/libraries/net/minecraftforge/fmlcore/1.18.2-40.2.21/fmlcore-1.18.2-40.2.21.jar is missing mods.toml file
[25Feb2025 04:46:39.542] [main/WARN] [net.minecraftforge.fml.loading.moddiscovery.ModFileParser/LOADING]: Mod file /workspaces/redesigned-disco/servidor_minecraft/libraries/net/minecraftforge/javafmllanguage/1.18.2-40.2.21/javafmllanguage-1.18.2-40.2.21.jar is missing mods.toml file
[25Feb2025 04:46:39.542] [main/WARN] [net.minecraftforge.fml.loading.moddiscovery.ModFileParser/LOADING]: Mod file /workspaces/redesigned-disco/servidor_minecraft/libraries/net/minecraftforge/lowcodelanguage/1.18.2-40.2.21/lowcodelanguage-1.18.2-40.2.21.jar is missing mods.toml file
[25Feb2025 04:46:39.544] [main/WARN] [net.minecraftforge.fml.loading.moddiscovery.ModFileParser/LOADING]: Mod file /workspaces/redesigned-disco/servidor_minecraft/libraries/net/minecraftforge/mclanguage/1.18.2-40.2.21/mclanguage-1.18.2-40.2.21.jar is missing mods.toml file
[25Feb2025 04:46:39.838] [main/WARN] [net.minecraftforge.jarjar.selection.JarSelector/]: Attempted to select two dependency jars from JarJar which have the same identification: Mod File:  and Mod File: . Using Mod File: 
[25Feb2025 04:46:39.840] [main/INFO] [net.minecraftforge.fml.loading.moddiscovery.JarInJarDependencyLocator/]: Found 12 dependencies adding them to mods collection
[25Feb2025 04:46:45.331] [main/INFO] [mixin/]: Compatibility level set to JAVA_17
[25Feb2025 04:46:45.496] [main/ERROR] [mixin/]: Mixin config kubejsoffline.mixins.json does not specify "minVersion" property
[25Feb2025 04:46:45.500] [main/ERROR] [mixin/]: Mixin config kubejsoffline-common.mixins.json does not specify "minVersion" property
[25Feb2025 04:46:45.977] [main/ERROR] [mixin/]: Mixin config customvillagertrades.mixins.json does not specify "minVersion" property
[25Feb2025 04:46:46.079] [main/ERROR] [mixin/]: Mixin config geckoanimfix.forge.mixins.json does not specify "minVersion" property
[25Feb2025 04:46:46.100] [main/ERROR] [mixin/]: Mixin config drg_flares.mixins.json does not specify "minVersion" property
[25Feb2025 04:46:46.294] [main/INFO] [mixin/]: Successfully loaded Mixin Connector [com.sonicether.soundphysics.MixinConnector]
[25Feb2025 04:46:46.295] [main/INFO] [mixin/]: Successfully loaded Mixin Connector [ca.spottedleaf.starlight.mixin.MixinConnector]
[25Feb2025 04:46:46.296] [main/INFO] [mixin/]: Successfully loaded Mixin Connector [de.maxhenkel.camera.MixinConnector]
[25Feb2025 04:46:46.297] [main/INFO] [mixin/]: Successfully loaded Mixin Connector [de.maxhenkel.car.MixinConnector]
[25Feb2025 04:46:46.305] [main/INFO] [cpw.mods.modlauncher.LaunchServiceHandler/MODLAUNCHER]: Launching target 'forgeserver' with arguments [nogui]
[25Feb2025 04:46:46.338] [main/WARN] [mixin/]: Reference map 'nerb-forge-refmap.json' for nerb.mixins.json could not be read. If this is a development environment you can ignore this message
[25Feb2025 04:46:46.443] [main/INFO] [ModernFix/]: Loaded configuration file for ModernFix 5.13.0+mc1.18.2: 74 options available, 2 override(s) found
[25Feb2025 04:46:46.444] [main/WARN] [ModernFix/]: Option 'mixin.bugfix.item_cache_flag' overriden (by mods [canary]) to 'false'
[25Feb2025 04:46:46.444] [main/WARN] [ModernFix/]: Option 'mixin.perf.thread_priorities' overriden (by mods [smoothboot]) to 'false'
[25Feb2025 04:46:46.444] [main/INFO] [ModernFix/]: Applying Nashorn fix
[25Feb2025 04:46:46.471] [main/INFO] [ModernFix/]: Applied Forge config corruption patch
[25Feb2025 04:46:46.610] [main/INFO] [Embeddium/]: Loaded configuration file for Embeddium: 263 options available, 1 override(s) found
[25Feb2025 04:46:46.646] [main/WARN] [mixin/]: Reference map 'kubejsoffline-forge-refmap.json' for kubejsoffline.mixins.json could not be read. If this is a development environment you can ignore this message
[25Feb2025 04:46:46.651] [main/WARN] [mixin/]: Reference map 'kubejsoffline-common-refmap.json' for kubejsoffline-common.mixins.json could not be read. If this is a development environment you can ignore this message
[25Feb2025 04:46:47.263] [main/INFO] [Sodium Extra Config/]: Loaded configuration file for Sodium Extra: 30 options available, 0 override(s) found
[25Feb2025 04:46:47.407] [main/WARN] [CanaryConfig/]: Mod 'pluto' attempted to override option 'mixin.world.player_chunk_tick', which doesn't exist, ignoring
[25Feb2025 04:46:47.412] [main/INFO] [Canary/]: Loaded configuration file for Canary: 118 options available, 1 override(s) found
[25Feb2025 04:46:47.493] [main/WARN] [mixin/]: Reference map 'insanelib.refmap.json' for insanelib.mixins.json could not be read. If this is a development environment you can ignore this message
[25Feb2025 04:46:47.519] [main/WARN] [mixin/]: Reference map 'ritchiesprojectilelib-forge-refmap.json' for ritchiesprojectilelib-forge.mixins.json could not be read. If this is a development environment you can ignore this message
[25Feb2025 04:46:47.733] [main/WARN] [mixin/]: Reference map 'cupboard.refmap.json' for cupboard.mixins.json could not be read. If this is a development environment you can ignore this message
[25Feb2025 04:46:47.925] [main/WARN] [mixin/]: Reference map 'creativecore.mixins.refmap.json' for creativecore.mixins.json could not be read. If this is a development environment you can ignore this message
[25Feb2025 04:46:47.990] [main/WARN] [mixin/]: Reference map 'coroutil.refmap.json' for coroutil.mixins.json could not be read. If this is a development environment you can ignore this message
[25Feb2025 04:46:49.975] [main/FATAL] [net.minecraftforge.fml.loading.RuntimeDistCleaner/DISTXFORM]: Attempted to load class net/minecraft/client/resources/model/ModelBakery for invalid dist DEDICATED_SERVER
[25Feb2025 04:46:49.977] [main/WARN] [mixin/]: Error loading class: net/minecraft/client/resources/model/ModelBakery (java.lang.RuntimeException: Attempted to load class net/minecraft/client/resources/model/ModelBakery for invalid dist DEDICATED_SERVER)
[25Feb2025 04:46:49.978] [main/WARN] [mixin/]: @Mixin target net.minecraft.client.resources.model.ModelBakery was not found lightspeed.mixins.json:model.ModelBakeryMixin
[25Feb2025 04:46:50.009] [main/WARN] [mixin/]: Error loading class: com/brewinandchewin/common/block/entity/KegBlockEntity (java.lang.ClassNotFoundException: com.brewinandchewin.common.block.entity.KegBlockEntity)
[25Feb2025 04:46:50.010] [main/WARN] [mixin/]: @Mixin target com.brewinandchewin.common.block.entity.KegBlockEntity was not found thirst.mixin.json:accessors.brewinandchewin.KegBlockEntityAccessor
[25Feb2025 04:46:50.017] [main/WARN] [mixin/]: Error loading class: com/farmersrespite/common/block/entity/KettleBlockEntity (java.lang.ClassNotFoundException: com.farmersrespite.common.block.entity.KettleBlockEntity)
[25Feb2025 04:46:50.018] [main/WARN] [mixin/]: @Mixin target com.farmersrespite.common.block.entity.KettleBlockEntity was not found thirst.mixin.json:accessors.farmersrespite.KettleBlockEntityAccessor
[25Feb2025 04:46:50.023] [main/WARN] [mixin/]: Error loading class: com/brewinandchewin/common/block/entity/KegBlockEntity (java.lang.ClassNotFoundException: com.brewinandchewin.common.block.entity.KegBlockEntity)
[25Feb2025 04:46:50.024] [main/WARN] [mixin/]: @Mixin target com.brewinandchewin.common.block.entity.KegBlockEntity was not found thirst.mixin.json:brewinandchewin.MixinKegBlockEntity
[25Feb2025 04:46:50.035] [main/WARN] [mixin/]: Error loading class: com/farmersrespite/common/block/KettleBlock (java.lang.ClassNotFoundException: com.farmersrespite.common.block.KettleBlock)
[25Feb2025 04:46:50.036] [main/WARN] [mixin/]: @Mixin target com.farmersrespite.common.block.KettleBlock was not found thirst.mixin.json:farmersrespite.MixinKettleBlock
[25Feb2025 04:46:50.042] [main/WARN] [mixin/]: Error loading class: com/farmersrespite/common/block/entity/KettleBlockEntity (java.lang.ClassNotFoundException: com.farmersrespite.common.block.entity.KettleBlockEntity)
[25Feb2025 04:46:50.043] [main/WARN] [mixin/]: @Mixin target com.farmersrespite.common.block.entity.KettleBlockEntity was not found thirst.mixin.json:farmersrespite.MixinKettleBlockEntity
[25Feb2025 04:46:50.048] [main/WARN] [mixin/]: Error loading class: snownee/jade/addon/forge/ForgeCapabilityProvider (java.lang.ClassNotFoundException: snownee.jade.addon.forge.ForgeCapabilityProvider)
[25Feb2025 04:46:50.049] [main/WARN] [mixin/]: @Mixin target snownee.jade.addon.forge.ForgeCapabilityProvider was not found thirst.mixin.json:jade.MixinForgeCapabilityProvider
[25Feb2025 04:46:50.054] [main/WARN] [mixin/]: Error loading class: toughasnails/item/EmptyCanteenItem (java.lang.ClassNotFoundException: toughasnails.item.EmptyCanteenItem)
[25Feb2025 04:46:50.054] [main/WARN] [mixin/]: @Mixin target toughasnails.item.EmptyCanteenItem was not found thirst.mixin.json:toughasnails.MixinEmptyCanteenItem
[25Feb2025 04:46:50.060] [main/WARN] [mixin/]: Error loading class: toughasnails/config/ServerConfig (java.lang.ClassNotFoundException: toughasnails.config.ServerConfig)
[25Feb2025 04:46:50.061] [main/WARN] [mixin/]: @Mixin target toughasnails.config.ServerConfig was not found thirst.mixin.json:toughasnails.MixinServerConfig
[25Feb2025 04:46:50.066] [main/WARN] [mixin/]: Error loading class: toughasnails/thirst/ThirstHandler (java.lang.ClassNotFoundException: toughasnails.thirst.ThirstHandler)
[25Feb2025 04:46:50.066] [main/WARN] [mixin/]: @Mixin target toughasnails.thirst.ThirstHandler was not found thirst.mixin.json:toughasnails.MixinThirstHandler
[25Feb2025 04:46:50.071] [main/WARN] [mixin/]: Error loading class: toughasnails/thirst/ThirstHelperImpl (java.lang.ClassNotFoundException: toughasnails.thirst.ThirstHelperImpl)
[25Feb2025 04:46:50.072] [main/WARN] [mixin/]: @Mixin target toughasnails.thirst.ThirstHelperImpl was not found thirst.mixin.json:toughasnails.MixinThirstHelperImpl
[25Feb2025 04:46:50.690] [main/WARN] [mixin/]: Error loading class: mezz/jei/transfer/RecipeTransferUtil (java.lang.ClassNotFoundException: mezz.jei.transfer.RecipeTransferUtil)
[25Feb2025 04:46:50.691] [main/WARN] [mixin/]: @Mixin target mezz.jei.transfer.RecipeTransferUtil was not found polymorph_integrations.mixins.json:jei.MixinRecipeTransferUtil
[25Feb2025 04:46:50.742] [main/WARN] [Canary/]: Force-disabling mixin 'world.chunk_access.ChunkHolderMixin' as rule 'mixin.world.chunk_access' (added by user configuration) disables it and children
[25Feb2025 04:46:50.743] [main/WARN] [Canary/]: Force-disabling mixin 'world.chunk_access.LevelMixin' as rule 'mixin.world.chunk_access' (added by user configuration) disables it and children
[25Feb2025 04:46:50.744] [main/WARN] [Canary/]: Force-disabling mixin 'world.chunk_access.ServerChunkCacheMixin' as rule 'mixin.world.chunk_access' (added by user configuration) disables it and children
[25Feb2025 04:46:50.880] [main/FATAL] [net.minecraftforge.fml.loading.RuntimeDistCleaner/DISTXFORM]: Attempted to load class net/minecraft/client/renderer/GameRenderer for invalid dist DEDICATED_SERVER
[25Feb2025 04:46:50.881] [main/WARN] [mixin/]: Error loading class: net/minecraft/client/renderer/GameRenderer (java.lang.RuntimeException: Attempted to load class net/minecraft/client/renderer/GameRenderer for invalid dist DEDICATED_SERVER)
[25Feb2025 04:46:50.881] [main/WARN] [mixin/]: @Mixin target net.minecraft.client.renderer.GameRenderer was not found darkness.client.json:MixinGameRenderer
[25Feb2025 04:46:50.881] [main/FATAL] [net.minecraftforge.fml.loading.RuntimeDistCleaner/DISTXFORM]: Attempted to load class net/minecraft/client/renderer/LightTexture for invalid dist DEDICATED_SERVER
[25Feb2025 04:46:50.881] [main/WARN] [mixin/]: Error loading class: net/minecraft/client/renderer/LightTexture (java.lang.RuntimeException: Attempted to load class net/minecraft/client/renderer/LightTexture for invalid dist DEDICATED_SERVER)
[25Feb2025 04:46:50.882] [main/WARN] [mixin/]: @Mixin target net.minecraft.client.renderer.LightTexture was not found darkness.client.json:MixinLightTexture
[25Feb2025 04:46:50.882] [main/WARN] [mixin/]: Error loading class: net/minecraft/client/renderer/texture/DynamicTexture (java.lang.ClassNotFoundException: net.minecraft.client.renderer.texture.DynamicTexture)
[25Feb2025 04:46:50.883] [main/WARN] [mixin/]: @Mixin target net.minecraft.client.renderer.texture.DynamicTexture was not found darkness.client.json:MixinDynamicTexture
[25Feb2025 04:46:50.883] [main/FATAL] [net.minecraftforge.fml.loading.RuntimeDistCleaner/DISTXFORM]: Attempted to load class net/minecraft/client/renderer/DimensionSpecialEffects$EndEffects for invalid dist DEDICATED_SERVER
[25Feb2025 04:46:50.884] [main/WARN] [mixin/]: Error loading class: net/minecraft/client/renderer/DimensionSpecialEffects$EndEffects (java.lang.RuntimeException: Attempted to load class net/minecraft/client/renderer/DimensionSpecialEffects$EndEffects for invalid dist DEDICATED_SERVER)
[25Feb2025 04:46:50.884] [main/WARN] [mixin/]: @Mixin target net.minecraft.client.renderer.DimensionSpecialEffects$EndEffects was not found darkness.client.json:MixinEndEffects
[25Feb2025 04:46:50.884] [main/FATAL] [net.minecraftforge.fml.loading.RuntimeDistCleaner/DISTXFORM]: Attempted to load class net/minecraft/client/renderer/DimensionSpecialEffects$NetherEffects for invalid dist DEDICATED_SERVER
[25Feb2025 04:46:50.885] [main/WARN] [mixin/]: Error loading class: net/minecraft/client/renderer/DimensionSpecialEffects$NetherEffects (java.lang.RuntimeException: Attempted to load class net/minecraft/client/renderer/DimensionSpecialEffects$NetherEffects for invalid dist DEDICATED_SERVER)
[25Feb2025 04:46:50.885] [main/WARN] [mixin/]: @Mixin target net.minecraft.client.renderer.DimensionSpecialEffects$NetherEffects was not found darkness.client.json:MixinNetherEffects
[25Feb2025 04:46:50.980] [main/WARN] [mixin/]: Error loading class: net/minecraft/client/multiplayer/resolver/ServerAddressResolver (java.lang.ClassNotFoundException: net.minecraft.client.multiplayer.resolver.ServerAddressResolver)
[25Feb2025 04:46:50.980] [main/WARN] [mixin/]: @Mixin target net.minecraft.client.multiplayer.resolver.ServerAddressResolver was not found fastipping.mixins.json:AddressResolverMixin
[25Feb2025 04:46:50.999] [main/WARN] [mixin/]: Error loading class: net/minecraft/client/gui/screens/inventory/AnvilScreen (java.lang.ClassNotFoundException: net.minecraft.client.gui.screens.inventory.AnvilScreen)
[25Feb2025 04:46:50.999] [main/WARN] [mixin/]: @Mixin target net.minecraft.client.gui.screens.inventory.AnvilScreen was not found ante.mixins.json:AnvilScreenMixin
[25Feb2025 04:46:51.336] [main/WARN] [mixin/]: Error loading class: com/brewinandchewin/common/block/entity/KegBlockEntity (java.lang.ClassNotFoundException: com.brewinandchewin.common.block.entity.KegBlockEntity)
[25Feb2025 04:46:51.336] [main/WARN] [mixin/]: @Mixin target com.brewinandchewin.common.block.entity.KegBlockEntity was not found create_central_kitchen.mixins.json:common.brewinandchewin.KegBlockEntityMixin
[25Feb2025 04:46:51.416] [main/WARN] [mixin/]: Error loading class: com/farmersrespite/common/block/CoffeeBushBlock (java.lang.ClassNotFoundException: com.farmersrespite.common.block.CoffeeBushBlock)
[25Feb2025 04:46:51.416] [main/WARN] [mixin/]: @Mixin target com.farmersrespite.common.block.CoffeeBushBlock was not found create_central_kitchen.mixins.json:common.farmersrespite.CoffeeBushBlockMixin
[25Feb2025 04:46:51.419] [main/WARN] [mixin/]: Error loading class: com/farmersrespite/common/block/CoffeeBushTopBlock (java.lang.ClassNotFoundException: com.farmersrespite.common.block.CoffeeBushTopBlock)
[25Feb2025 04:46:51.420] [main/WARN] [mixin/]: @Mixin target com.farmersrespite.common.block.CoffeeBushTopBlock was not found create_central_kitchen.mixins.json:common.farmersrespite.CoffeeBushTopBlockMixin
[25Feb2025 04:46:51.423] [main/WARN] [mixin/]: Error loading class: com/farmersrespite/common/block/CoffeeDoubleStemBlock (java.lang.ClassNotFoundException: com.farmersrespite.common.block.CoffeeDoubleStemBlock)
[25Feb2025 04:46:51.424] [main/WARN] [mixin/]: @Mixin target com.farmersrespite.common.block.CoffeeDoubleStemBlock was not found create_central_kitchen.mixins.json:common.farmersrespite.CoffeeDoubleStemBlockMixin
[25Feb2025 04:46:51.427] [main/WARN] [mixin/]: Error loading class: com/farmersrespite/common/block/CoffeeMiddleStemBlock (java.lang.ClassNotFoundException: com.farmersrespite.common.block.CoffeeMiddleStemBlock)
[25Feb2025 04:46:51.427] [main/WARN] [mixin/]: @Mixin target com.farmersrespite.common.block.CoffeeMiddleStemBlock was not found create_central_kitchen.mixins.json:common.farmersrespite.CoffeeMiddleStemBlockMixin
[25Feb2025 04:46:51.430] [main/WARN] [mixin/]: Error loading class: com/farmersrespite/common/block/CoffeeStemBlock (java.lang.ClassNotFoundException: com.farmersrespite.common.block.CoffeeStemBlock)
[25Feb2025 04:46:51.431] [main/WARN] [mixin/]: @Mixin target com.farmersrespite.common.block.CoffeeStemBlock was not found create_central_kitchen.mixins.json:common.farmersrespite.CoffeeStemBlockMixin
[25Feb2025 04:46:51.433] [main/WARN] [mixin/]: Error loading class: com/farmersrespite/common/block/entity/KettleBlockEntity (java.lang.ClassNotFoundException: com.farmersrespite.common.block.entity.KettleBlockEntity)
[25Feb2025 04:46:51.434] [main/WARN] [mixin/]: @Mixin target com.farmersrespite.common.block.entity.KettleBlockEntity was not found create_central_kitchen.mixins.json:common.farmersrespite.KettleBlockEntityMixin
[25Feb2025 04:46:51.438] [main/WARN] [mixin/]: Error loading class: com/farmersrespite/common/block/SmallTeaBushBlock (java.lang.ClassNotFoundException: com.farmersrespite.common.block.SmallTeaBushBlock)
[25Feb2025 04:46:51.438] [main/WARN] [mixin/]: @Mixin target com.farmersrespite.common.block.SmallTeaBushBlock was not found create_central_kitchen.mixins.json:common.farmersrespite.SmallTeaBushBlockMixin
[25Feb2025 04:46:51.441] [main/WARN] [mixin/]: Error loading class: com/farmersrespite/common/block/TeaBushBlock (java.lang.ClassNotFoundException: com.farmersrespite.common.block.TeaBushBlock)
[25Feb2025 04:46:51.442] [main/WARN] [mixin/]: @Mixin target com.farmersrespite.common.block.TeaBushBlock was not found create_central_kitchen.mixins.json:common.farmersrespite.TeaBushBlockMixin
[25Feb2025 04:46:51.445] [main/WARN] [mixin/]: Error loading class: com/sammy/minersdelight/content/block/copper_pot/CopperPotBlockEntity (java.lang.ClassNotFoundException: com.sammy.minersdelight.content.block.copper_pot.CopperPotBlockEntity)
[25Feb2025 04:46:51.446] [main/WARN] [mixin/]: @Mixin target com.sammy.minersdelight.content.block.copper_pot.CopperPotBlockEntity was not found create_central_kitchen.mixins.json:common.minersdelight.CopperPotBlockEntityMixin
[25Feb2025 04:46:51.448] [main/WARN] [mixin/]: Error loading class: com/teamabnormals/neapolitan/common/item/DrinkItem (java.lang.ClassNotFoundException: com.teamabnormals.neapolitan.common.item.DrinkItem)
[25Feb2025 04:46:51.449] [main/WARN] [mixin/]: @Mixin target com.teamabnormals.neapolitan.common.item.DrinkItem was not found create_central_kitchen.mixins.json:common.neapolitan.DrinkItemMixin
[25Feb2025 04:46:51.452] [main/WARN] [mixin/]: Error loading class: net/orcinus/overweightfarming/blocks/CropFullBlock (java.lang.ClassNotFoundException: net.orcinus.overweightfarming.blocks.CropFullBlock)
[25Feb2025 04:46:51.453] [main/WARN] [mixin/]: @Mixin target net.orcinus.overweightfarming.blocks.CropFullBlock was not found create_central_kitchen.mixins.json:common.overweightfarming.CropFullBlockMixin
[25Feb2025 04:46:51.760] [main/INFO] [MixinExtras|Service/]: Initializing MixinExtras via com.llamalad7.mixinextras.service.MixinExtrasServiceImpl(version=0.4.0-beta.2).
[25Feb2025 04:46:51.761] [main/WARN] [MixinExtras|Service/]: Found problematic active MixinExtras instance at llamalad7.mixinextras (version 0.2.0-beta.1)
[25Feb2025 04:46:51.762] [main/WARN] [MixinExtras|Service/]: Versions from 0.2.0-beta.1 to 0.2.0-beta.9 have limited support and it is strongly recommended to update.
[25Feb2025 04:46:52.163] [main/INFO] [Smooth Boot (Reloaded)/]: Smooth Boot (Reloaded) config initialized
[25Feb2025 04:46:52.460] [main/INFO] [net.minecraft.server.Bootstrap/]: ModernFix reached bootstrap stage (15.51 s after launch)
[25Feb2025 04:46:52.689] [main/INFO] [ModernFix/]: Injecting BlockStateBase cache population hook into getOpacityIfCached from ca.spottedleaf.starlight.mixin.common.blockstate.BlockStateBaseMixin
[25Feb2025 04:46:52.689] [main/INFO] [ModernFix/]: Injecting BlockStateBase cache population hook into getNeighborPathNodeType from com.abdelaziz.canary.mixin.ai.pathing.BlockStateBaseMixin
[25Feb2025 04:46:52.689] [main/INFO] [ModernFix/]: Injecting BlockStateBase cache population hook into getPathNodeType from com.abdelaziz.canary.mixin.ai.pathing.BlockStateBaseMixin
[25Feb2025 04:46:52.689] [main/INFO] [ModernFix/]: Injecting BlockStateBase cache population hook into m_60823_ from com.abdelaziz.canary.mixin.block.flatten_states.BlockStateBaseMixin
[25Feb2025 04:46:52.689] [main/INFO] [ModernFix/]: Injecting BlockStateBase cache population hook into isConditionallyFullOpaque from ca.spottedleaf.starlight.mixin.common.blockstate.BlockStateBaseMixin
[25Feb2025 04:46:53.778] [main/WARN] [mixin/]: Static binding violation: PRIVATE @Overwrite method m_47505_ in modernfix-common.mixins.json:perf.remove_biome_temperature_cache.BiomeMixin cannot reduce visibiliy of PUBLIC target method, visibility will be upgraded.
[25Feb2025 04:46:54.932] [main/INFO] [net.minecraft.server.Bootstrap/]: Vanilla bootstrap took 2469 milliseconds
[25Feb2025 04:46:55.420] [main/WARN] [mixin/]: @Final field f_58646_:[[Lnet/minecraft/world/effect/MobEffect; in cold_sweat.mixin.json:MixinBeaconEffects should be final
[25Feb2025 04:46:55.421] [main/WARN] [mixin/]: @Final field f_58647_:Ljava/util/Set; in cold_sweat.mixin.json:MixinBeaconEffects should be final
[25Feb2025 04:46:55.712] [main/INFO] [net.minecraftforge.coremod.CoreMod.beefix/COREMODLOG]: BeehiveBlockEntity patch being skipped; not needed in this version
[25Feb2025 04:46:56.250] [main/WARN] [mixin/]: @Redirect conflict. Skipping securitycraft.mixins.json:camera.ServerPlayerMixin->@Redirect::securitycraft$tick(Lnet/minecraft/server/level/ServerPlayer;DDDFF)V with priority 1100, already redirected by railways-common.mixins.json:conductor_possession.ServerPlayerMixin->@Redirect::snr$securitycraft$tick(Lnet/minecraft/server/level/ServerPlayer;DDDFF)V with priority 1200
[25Feb2025 04:46:57.826] [main/FATAL] [net.minecraftforge.fml.loading.RuntimeDistCleaner/DISTXFORM]: Attempted to load class me/flashyreese/mods/sodiumextra/client/SodiumExtraClientMod for invalid dist DEDICATED_SERVER
[25Feb2025 04:46:57.826] [main/ERROR] [net.minecraftforge.fml.javafmlmod.FMLModContainer/LOADING]: Failed to load class me.flashyreese.mods.sodiumextra.client.SodiumExtraClientMod
java.lang.RuntimeException: Attempted to load class me/flashyreese/mods/sodiumextra/client/SodiumExtraClientMod for invalid dist DEDICATED_SERVER
	at net.minecraftforge.fml.loading.RuntimeDistCleaner.processClassWithFlags(RuntimeDistCleaner.java:57) ~[fmlloader-1.18.2-40.2.21.jar%2318!/:1.0]
	at cpw.mods.modlauncher.LaunchPluginHandler.offerClassNodeToPlugins(LaunchPluginHandler.java:88) ~[modlauncher-9.1.3.jar%235!/:?]
	at cpw.mods.modlauncher.ClassTransformer.transform(ClassTransformer.java:120) ~[modlauncher-9.1.3.jar%235!/:?]
	at cpw.mods.modlauncher.TransformingClassLoader.maybeTransformClassBytes(TransformingClassLoader.java:50) ~[modlauncher-9.1.3.jar%235!/:?]
	at cpw.mods.cl.ModuleClassLoader.readerToClass(ModuleClassLoader.java:113) ~[securejarhandler-1.0.8.jar:?]
	at cpw.mods.cl.ModuleClassLoader.lambda$findClass$15(ModuleClassLoader.java:219) ~[securejarhandler-1.0.8.jar:?]
	at cpw.mods.cl.ModuleClassLoader.loadFromModule(ModuleClassLoader.java:229) ~[securejarhandler-1.0.8.jar:?]
	at cpw.mods.cl.ModuleClassLoader.findClass(ModuleClassLoader.java:219) ~[securejarhandler-1.0.8.jar:?]
	at java.lang.ClassLoader.loadClass(ClassLoader.java:637) ~[?:?]
	at java.lang.Class.forName(Class.java:545) ~[?:?]
	at net.minecraftforge.fml.javafmlmod.FMLModContainer.<init>(FMLModContainer.java:47) ~[javafmllanguage-1.18.2-40.2.21.jar%23267!/:?]
	at jdk.internal.reflect.GeneratedConstructorAccessor47.newInstance(Unknown Source) ~[?:?]
	at jdk.internal.reflect.DelegatingConstructorAccessorImpl.newInstance(DelegatingConstructorAccessorImpl.java:45) ~[?:?]
	at java.lang.reflect.Constructor.newInstanceWithCaller(Constructor.java:500) ~[?:?]
	at java.lang.reflect.Constructor.newInstance(Constructor.java:481) ~[?:?]
	at net.minecraftforge.fml.javafmlmod.FMLJavaModLanguageProvider$FMLModTarget.loadMod(FMLJavaModLanguageProvider.java:62) ~[javafmllanguage-1.18.2-40.2.21.jar%23267!/:?]
	at net.minecraftforge.fml.ModLoader.buildModContainerFromTOML(ModLoader.java:255) ~[fmlcore-1.18.2-40.2.21.jar%23266!/:?]
	at net.minecraftforge.fml.ModLoader.lambda$buildMods$26(ModLoader.java:234) ~[fmlcore-1.18.2-40.2.21.jar%23266!/:?]
	at java.util.stream.ReferencePipeline$3$1.accept(ReferencePipeline.java:197) ~[?:?]
	at java.util.HashMap$EntrySpliterator.forEachRemaining(HashMap.java:1850) ~[?:?]
	at java.util.stream.AbstractPipeline.copyInto(AbstractPipeline.java:509) ~[?:?]
	at java.util.stream.AbstractPipeline.wrapAndCopyInto(AbstractPipeline.java:499) ~[?:?]
	at java.util.stream.ReduceOps$ReduceOp.evaluateSequential(ReduceOps.java:921) ~[?:?]
	at java.util.stream.AbstractPipeline.evaluate(AbstractPipeline.java:234) ~[?:?]
	at java.util.stream.ReferencePipeline.collect(ReferencePipeline.java:682) ~[?:?]
	at net.minecraftforge.fml.ModLoader.buildMods(ModLoader.java:236) ~[fmlcore-1.18.2-40.2.21.jar%23266!/:?]
	at java.util.stream.ReferencePipeline$3$1.accept(ReferencePipeline.java:197) ~[?:?]
	at java.util.stream.ReferencePipeline$3$1.accept(ReferencePipeline.java:197) ~[?:?]
	at java.util.ArrayList$ArrayListSpliterator.forEachRemaining(ArrayList.java:1625) ~[?:?]
	at java.util.stream.AbstractPipeline.copyInto(AbstractPipeline.java:509) ~[?:?]
	at java.util.stream.AbstractPipeline.wrapAndCopyInto(AbstractPipeline.java:499) ~[?:?]
	at java.util.stream.AbstractPipeline.evaluate(AbstractPipeline.java:575) ~[?:?]
	at java.util.stream.AbstractPipeline.evaluateToArrayNode(AbstractPipeline.java:260) ~[?:?]
	at java.util.stream.ReferencePipeline.toArray(ReferencePipeline.java:616) ~[?:?]
	at java.util.stream.ReferencePipeline.toArray(ReferencePipeline.java:622) ~[?:?]
	at java.util.stream.ReferencePipeline.toList(ReferencePipeline.java:627) ~[?:?]
	at net.minecraftforge.fml.ModLoader.gatherAndInitializeMods(ModLoader.java:154) ~[fmlcore-1.18.2-40.2.21.jar%23266!/:?]
	at net.minecraftforge.server.loading.ServerModLoader.load(ServerModLoader.java:32) ~[forge-1.18.2-40.2.21-universal.jar%23270!/:?]
	at net.minecraft.server.Main.main(Main.java:112) ~[server-1.18.2-20220404.173914-srg.jar%23265!/:?]
	at jdk.internal.reflect.NativeMethodAccessorImpl.invoke0(Native Method) ~[?:?]
	at jdk.internal.reflect.NativeMethodAccessorImpl.invoke(NativeMethodAccessorImpl.java:77) ~[?:?]
	at jdk.internal.reflect.DelegatingMethodAccessorImpl.invoke(DelegatingMethodAccessorImpl.java:43) ~[?:?]
	at java.lang.reflect.Method.invoke(Method.java:569) ~[?:?]
	at net.minecraftforge.fml.loading.targets.CommonServerLaunchHandler.lambda$launchService$0(CommonServerLaunchHandler.java:32) ~[fmlloader-1.18.2-40.2.21.jar%2318!/:?]
	at cpw.mods.modlauncher.LaunchServiceHandlerDecorator.launch(LaunchServiceHandlerDecorator.java:37) [modlauncher-9.1.3.jar%235!/:?]
	at cpw.mods.modlauncher.LaunchServiceHandler.launch(LaunchServiceHandler.java:53) [modlauncher-9.1.3.jar%235!/:?]
	at cpw.mods.modlauncher.LaunchServiceHandler.launch(LaunchServiceHandler.java:71) [modlauncher-9.1.3.jar%235!/:?]
	at cpw.mods.modlauncher.Launcher.run(Launcher.java:106) [modlauncher-9.1.3.jar%235!/:?]
	at cpw.mods.modlauncher.Launcher.main(Launcher.java:77) [modlauncher-9.1.3.jar%235!/:?]
	at cpw.mods.modlauncher.BootstrapLaunchConsumer.accept(BootstrapLaunchConsumer.java:26) [modlauncher-9.1.3.jar%235!/:?]
	at cpw.mods.modlauncher.BootstrapLaunchConsumer.accept(BootstrapLaunchConsumer.java:23) [modlauncher-9.1.3.jar%235!/:?]
	at cpw.mods.bootstraplauncher.BootstrapLauncher.main(BootstrapLauncher.java:149) [bootstraplauncher-1.0.0.jar:?]
[25Feb2025 04:46:57.837] [main/FATAL] [net.minecraftforge.fml.javafmlmod.FMLJavaModLanguageProvider/LOADING]: Failed to build mod
java.lang.reflect.InvocationTargetException: null
	at jdk.internal.reflect.GeneratedConstructorAccessor47.newInstance(Unknown Source) ~[?:?]
	at jdk.internal.reflect.DelegatingConstructorAccessorImpl.newInstance(DelegatingConstructorAccessorImpl.java:45) ~[?:?]
	at java.lang.reflect.Constructor.newInstanceWithCaller(Constructor.java:500) ~[?:?]
	at java.lang.reflect.Constructor.newInstance(Constructor.java:481) ~[?:?]
	at net.minecraftforge.fml.javafmlmod.FMLJavaModLanguageProvider$FMLModTarget.loadMod(FMLJavaModLanguageProvider.java:62) ~[javafmllanguage-1.18.2-40.2.21.jar%23267!/:?]
	at net.minecraftforge.fml.ModLoader.buildModContainerFromTOML(ModLoader.java:255) ~[fmlcore-1.18.2-40.2.21.jar%23266!/:?]
	at net.minecraftforge.fml.ModLoader.lambda$buildMods$26(ModLoader.java:234) ~[fmlcore-1.18.2-40.2.21.jar%23266!/:?]
	at java.util.stream.ReferencePipeline$3$1.accept(ReferencePipeline.java:197) ~[?:?]
	at java.util.HashMap$EntrySpliterator.forEachRemaining(HashMap.java:1850) ~[?:?]
	at java.util.stream.AbstractPipeline.copyInto(AbstractPipeline.java:509) ~[?:?]
	at java.util.stream.AbstractPipeline.wrapAndCopyInto(AbstractPipeline.java:499) ~[?:?]
	at java.util.stream.ReduceOps$ReduceOp.evaluateSequential(ReduceOps.java:921) ~[?:?]
	at java.util.stream.AbstractPipeline.evaluate(AbstractPipeline.java:234) ~[?:?]
	at java.util.stream.ReferencePipeline.collect(ReferencePipeline.java:682) ~[?:?]
	at net.minecraftforge.fml.ModLoader.buildMods(ModLoader.java:236) ~[fmlcore-1.18.2-40.2.21.jar%23266!/:?]
	at java.util.stream.ReferencePipeline$3$1.accept(ReferencePipeline.java:197) ~[?:?]
	at java.util.stream.ReferencePipeline$3$1.accept(ReferencePipeline.java:197) ~[?:?]
	at java.util.ArrayList$ArrayListSpliterator.forEachRemaining(ArrayList.java:1625) ~[?:?]
	at java.util.stream.AbstractPipeline.copyInto(AbstractPipeline.java:509) ~[?:?]
	at java.util.stream.AbstractPipeline.wrapAndCopyInto(AbstractPipeline.java:499) ~[?:?]
	at java.util.stream.AbstractPipeline.evaluate(AbstractPipeline.java:575) ~[?:?]
	at java.util.stream.AbstractPipeline.evaluateToArrayNode(AbstractPipeline.java:260) ~[?:?]
	at java.util.stream.ReferencePipeline.toArray(ReferencePipeline.java:616) ~[?:?]
	at java.util.stream.ReferencePipeline.toArray(ReferencePipeline.java:622) ~[?:?]
	at java.util.stream.ReferencePipeline.toList(ReferencePipeline.java:627) ~[?:?]
	at net.minecraftforge.fml.ModLoader.gatherAndInitializeMods(ModLoader.java:154) ~[fmlcore-1.18.2-40.2.21.jar%23266!/:?]
	at net.minecraftforge.server.loading.ServerModLoader.load(ServerModLoader.java:32) ~[forge-1.18.2-40.2.21-universal.jar%23270!/:?]
	at net.minecraft.server.Main.main(Main.java:112) ~[server-1.18.2-20220404.173914-srg.jar%23265!/:?]
	at jdk.internal.reflect.NativeMethodAccessorImpl.invoke0(Native Method) ~[?:?]
	at jdk.internal.reflect.NativeMethodAccessorImpl.invoke(NativeMethodAccessorImpl.java:77) ~[?:?]
	at jdk.internal.reflect.DelegatingMethodAccessorImpl.invoke(DelegatingMethodAccessorImpl.java:43) ~[?:?]
	at java.lang.reflect.Method.invoke(Method.java:569) ~[?:?]
	at net.minecraftforge.fml.loading.targets.CommonServerLaunchHandler.lambda$launchService$0(CommonServerLaunchHandler.java:32) ~[fmlloader-1.18.2-40.2.21.jar%2318!/:?]
	at cpw.mods.modlauncher.LaunchServiceHandlerDecorator.launch(LaunchServiceHandlerDecorator.java:37) [modlauncher-9.1.3.jar%235!/:?]
	at cpw.mods.modlauncher.LaunchServiceHandler.launch(LaunchServiceHandler.java:53) [modlauncher-9.1.3.jar%235!/:?]
	at cpw.mods.modlauncher.LaunchServiceHandler.launch(LaunchServiceHandler.java:71) [modlauncher-9.1.3.jar%235!/:?]
	at cpw.mods.modlauncher.Launcher.run(Launcher.java:106) [modlauncher-9.1.3.jar%235!/:?]
	at cpw.mods.modlauncher.Launcher.main(Launcher.java:77) [modlauncher-9.1.3.jar%235!/:?]
	at cpw.mods.modlauncher.BootstrapLaunchConsumer.accept(BootstrapLaunchConsumer.java:26) [modlauncher-9.1.3.jar%235!/:?]
	at cpw.mods.modlauncher.BootstrapLaunchConsumer.accept(BootstrapLaunchConsumer.java:23) [modlauncher-9.1.3.jar%235!/:?]
	at cpw.mods.bootstraplauncher.BootstrapLauncher.main(BootstrapLauncher.java:149) [bootstraplauncher-1.0.0.jar:?]
Caused by: net.minecraftforge.fml.ModLoadingException: Rubidium Extra has class loading errors
ยง7java.lang.RuntimeException: Attempted to load class me/flashyreese/mods/sodiumextra/client/SodiumExtraClientMod for invalid dist DEDICATED_SERVER
	at net.minecraftforge.fml.javafmlmod.FMLModContainer.<init>(FMLModContainer.java:53) ~[javafmllanguage-1.18.2-40.2.21.jar%23267!/:?]
	... 41 more
Caused by: java.lang.RuntimeException: Attempted to load class me/flashyreese/mods/sodiumextra/client/SodiumExtraClientMod for invalid dist DEDICATED_SERVER
	at net.minecraftforge.fml.loading.RuntimeDistCleaner.processClassWithFlags(RuntimeDistCleaner.java:57) ~[fmlloader-1.18.2-40.2.21.jar%2318!/:1.0]
	at cpw.mods.modlauncher.LaunchPluginHandler.offerClassNodeToPlugins(LaunchPluginHandler.java:88) ~[modlauncher-9.1.3.jar%235!/:?]
	at cpw.mods.modlauncher.ClassTransformer.transform(ClassTransformer.java:120) ~[modlauncher-9.1.3.jar%235!/:?]
	at cpw.mods.modlauncher.TransformingClassLoader.maybeTransformClassBytes(TransformingClassLoader.java:50) ~[modlauncher-9.1.3.jar%235!/:?]
	at cpw.mods.cl.ModuleClassLoader.readerToClass(ModuleClassLoader.java:113) ~[securejarhandler-1.0.8.jar:?]
	at cpw.mods.cl.ModuleClassLoader.lambda$findClass$15(ModuleClassLoader.java:219) ~[securejarhandler-1.0.8.jar:?]
	at cpw.mods.cl.ModuleClassLoader.loadFromModule(ModuleClassLoader.java:229) ~[securejarhandler-1.0.8.jar:?]
	at cpw.mods.cl.ModuleClassLoader.findClass(ModuleClassLoader.java:219) ~[securejarhandler-1.0.8.jar:?]
	at java.lang.ClassLoader.loadClass(ClassLoader.java:637) ~[?:?]
	at java.lang.Class.forName(Class.java:545) ~[?:?]
	at net.minecraftforge.fml.javafmlmod.FMLModContainer.<init>(FMLModContainer.java:47) ~[javafmllanguage-1.18.2-40.2.21.jar%23267!/:?]
	... 41 more
[25Feb2025 04:46:57.936] [main/FATAL] [net.minecraftforge.fml.ModLoader/CORE]: Failed to initialize mod containers
net.minecraftforge.fml.ModLoadingException: Rubidium Extra has class loading errors
ยง7java.lang.RuntimeException: Attempted to load class me/flashyreese/mods/sodiumextra/client/SodiumExtraClientMod for invalid dist DEDICATED_SERVER
	at net.minecraftforge.fml.javafmlmod.FMLModContainer.<init>(FMLModContainer.java:53) ~[javafmllanguage-1.18.2-40.2.21.jar%23267!/:?]
	at jdk.internal.reflect.GeneratedConstructorAccessor47.newInstance(Unknown Source) ~[?:?]
	at jdk.internal.reflect.DelegatingConstructorAccessorImpl.newInstance(DelegatingConstructorAccessorImpl.java:45) ~[?:?]
	at java.lang.reflect.Constructor.newInstanceWithCaller(Constructor.java:500) ~[?:?]
	at java.lang.reflect.Constructor.newInstance(Constructor.java:481) ~[?:?]
	at net.minecraftforge.fml.javafmlmod.FMLJavaModLanguageProvider$FMLModTarget.loadMod(FMLJavaModLanguageProvider.java:62) ~[javafmllanguage-1.18.2-40.2.21.jar%23267!/:?]
	at net.minecraftforge.fml.ModLoader.buildModContainerFromTOML(ModLoader.java:255) ~[fmlcore-1.18.2-40.2.21.jar%23266!/:?]
	at net.minecraftforge.fml.ModLoader.lambda$buildMods$26(ModLoader.java:234) ~[fmlcore-1.18.2-40.2.21.jar%23266!/:?]
	at java.util.stream.ReferencePipeline$3$1.accept(ReferencePipeline.java:197) ~[?:?]
	at java.util.HashMap$EntrySpliterator.forEachRemaining(HashMap.java:1850) ~[?:?]
	at java.util.stream.AbstractPipeline.copyInto(AbstractPipeline.java:509) ~[?:?]
	at java.util.stream.AbstractPipeline.wrapAndCopyInto(AbstractPipeline.java:499) ~[?:?]
	at java.util.stream.ReduceOps$ReduceOp.evaluateSequential(ReduceOps.java:921) ~[?:?]
	at java.util.stream.AbstractPipeline.evaluate(AbstractPipeline.java:234) ~[?:?]
	at java.util.stream.ReferencePipeline.collect(ReferencePipeline.java:682) ~[?:?]
	at net.minecraftforge.fml.ModLoader.buildMods(ModLoader.java:236) ~[fmlcore-1.18.2-40.2.21.jar%23266!/:?]
	at java.util.stream.ReferencePipeline$3$1.accept(ReferencePipeline.java:197) ~[?:?]
	at java.util.stream.ReferencePipeline$3$1.accept(ReferencePipeline.java:197) ~[?:?]
	at java.util.ArrayList$ArrayListSpliterator.forEachRemaining(ArrayList.java:1625) ~[?:?]
	at java.util.stream.AbstractPipeline.copyInto(AbstractPipeline.java:509) ~[?:?]
	at java.util.stream.AbstractPipeline.wrapAndCopyInto(AbstractPipeline.java:499) ~[?:?]
	at java.util.stream.AbstractPipeline.evaluate(AbstractPipeline.java:575) ~[?:?]
	at java.util.stream.AbstractPipeline.evaluateToArrayNode(AbstractPipeline.java:260) ~[?:?]
	at java.util.stream.ReferencePipeline.toArray(ReferencePipeline.java:616) ~[?:?]
	at java.util.stream.ReferencePipeline.toArray(ReferencePipeline.java:622) ~[?:?]
	at java.util.stream.ReferencePipeline.toList(ReferencePipeline.java:627) ~[?:?]
	at net.minecraftforge.fml.ModLoader.gatherAndInitializeMods(ModLoader.java:154) ~[fmlcore-1.18.2-40.2.21.jar%23266!/:?]
	at net.minecraftforge.server.loading.ServerModLoader.load(ServerModLoader.java:32) ~[forge-1.18.2-40.2.21-universal.jar%23270!/:?]
	at net.minecraft.server.Main.main(Main.java:112) ~[server-1.18.2-20220404.173914-srg.jar%23265!/:?]
	at jdk.internal.reflect.NativeMethodAccessorImpl.invoke0(Native Method) ~[?:?]
	at jdk.internal.reflect.NativeMethodAccessorImpl.invoke(NativeMethodAccessorImpl.java:77) ~[?:?]
	at jdk.internal.reflect.DelegatingMethodAccessorImpl.invoke(DelegatingMethodAccessorImpl.java:43) ~[?:?]
	at java.lang.reflect.Method.invoke(Method.java:569) ~[?:?]
	at net.minecraftforge.fml.loading.targets.CommonServerLaunchHandler.lambda$launchService$0(CommonServerLaunchHandler.java:32) ~[fmlloader-1.18.2-40.2.21.jar%2318!/:?]
	at cpw.mods.modlauncher.LaunchServiceHandlerDecorator.launch(LaunchServiceHandlerDecorator.java:37) [modlauncher-9.1.3.jar%235!/:?]
	at cpw.mods.modlauncher.LaunchServiceHandler.launch(LaunchServiceHandler.java:53) [modlauncher-9.1.3.jar%235!/:?]
	at cpw.mods.modlauncher.LaunchServiceHandler.launch(LaunchServiceHandler.java:71) [modlauncher-9.1.3.jar%235!/:?]
	at cpw.mods.modlauncher.Launcher.run(Launcher.java:106) [modlauncher-9.1.3.jar%235!/:?]
	at cpw.mods.modlauncher.Launcher.main(Launcher.java:77) [modlauncher-9.1.3.jar%235!/:?]
	at cpw.mods.modlauncher.BootstrapLaunchConsumer.accept(BootstrapLaunchConsumer.java:26) [modlauncher-9.1.3.jar%235!/:?]
	at cpw.mods.modlauncher.BootstrapLaunchConsumer.accept(BootstrapLaunchConsumer.java:23) [modlauncher-9.1.3.jar%235!/:?]
	at cpw.mods.bootstraplauncher.BootstrapLauncher.main(BootstrapLauncher.java:149) [bootstraplauncher-1.0.0.jar:?]
Caused by: java.lang.RuntimeException: Attempted to load class me/flashyreese/mods/sodiumextra/client/SodiumExtraClientMod for invalid dist DEDICATED_SERVER
	at net.minecraftforge.fml.loading.RuntimeDistCleaner.processClassWithFlags(RuntimeDistCleaner.java:57) ~[fmlloader-1.18.2-40.2.21.jar%2318!/:1.0]
	at cpw.mods.modlauncher.LaunchPluginHandler.offerClassNodeToPlugins(LaunchPluginHandler.java:88) ~[modlauncher-9.1.3.jar%235!/:?]
	at cpw.mods.modlauncher.ClassTransformer.transform(ClassTransformer.java:120) ~[modlauncher-9.1.3.jar%235!/:?]
	at cpw.mods.modlauncher.TransformingClassLoader.maybeTransformClassBytes(TransformingClassLoader.java:50) ~[modlauncher-9.1.3.jar%235!/:?]
	at cpw.mods.cl.ModuleClassLoader.readerToClass(ModuleClassLoader.java:113) ~[securejarhandler-1.0.8.jar:?]
	at cpw.mods.cl.ModuleClassLoader.lambda$findClass$15(ModuleClassLoader.java:219) ~[securejarhandler-1.0.8.jar:?]
	at cpw.mods.cl.ModuleClassLoader.loadFromModule(ModuleClassLoader.java:229) ~[securejarhandler-1.0.8.jar:?]
	at cpw.mods.cl.ModuleClassLoader.findClass(ModuleClassLoader.java:219) ~[securejarhandler-1.0.8.jar:?]
	at java.lang.ClassLoader.loadClass(ClassLoader.java:637) ~[?:?]
	at java.lang.Class.forName(Class.java:545) ~[?:?]
	at net.minecraftforge.fml.javafmlmod.FMLModContainer.<init>(FMLModContainer.java:47) ~[javafmllanguage-1.18.2-40.2.21.jar%23267!/:?]
	... 41 more
[25Feb2025 04:46:58.075] [main/FATAL] [net.minecraftforge.server.loading.ServerModLoader/]: Crash report saved to ./crash-reports/crash-2025-02-25_04.46.58-fml.txt
[25Feb2025 04:46:58.104] [main/ERROR] [net.minecraft.server.Main/FATAL]: Failed to start the minecraft server
net.minecraftforge.fml.LoadingFailedException: Loading errors encountered: [
	Rubidium Extra has class loading errors
ยง7java.lang.RuntimeException: Attempted to load class me/flashyreese/mods/sodiumextra/client/SodiumExtraClientMod for invalid dist DEDICATED_SERVER
]
	at net.minecraftforge.fml.ModLoader.gatherAndInitializeMods(ModLoader.java:159) ~[fmlcore-1.18.2-40.2.21.jar%23266!/:?]
	at net.minecraftforge.server.loading.ServerModLoader.load(ServerModLoader.java:32) ~[forge-1.18.2-40.2.21-universal.jar%23270!/:?]
	at net.minecraft.server.Main.main(Main.java:112) ~[server-1.18.2-20220404.173914-srg.jar%23265!/:?]
	at jdk.internal.reflect.NativeMethodAccessorImpl.invoke0(Native Method) ~[?:?]
	at jdk.internal.reflect.NativeMethodAccessorImpl.invoke(NativeMethodAccessorImpl.java:77) ~[?:?]
	at jdk.internal.reflect.DelegatingMethodAccessorImpl.invoke(DelegatingMethodAccessorImpl.java:43) ~[?:?]
	at java.lang.reflect.Method.invoke(Method.java:569) ~[?:?]
	at net.minecraftforge.fml.loading.targets.CommonServerLaunchHandler.lambda$launchService$0(CommonServerLaunchHandler.java:32) ~[fmlloader-1.18.2-40.2.21.jar%2318!/:?]
	at cpw.mods.modlauncher.LaunchServiceHandlerDecorator.launch(LaunchServiceHandlerDecorator.java:37) [modlauncher-9.1.3.jar%235!/:?]
	at cpw.mods.modlauncher.LaunchServiceHandler.launch(LaunchServiceHandler.java:53) [modlauncher-9.1.3.jar%235!/:?]
	at cpw.mods.modlauncher.LaunchServiceHandler.launch(LaunchServiceHandler.java:71) [modlauncher-9.1.3.jar%235!/:?]
	at cpw.mods.modlauncher.Launcher.run(Launcher.java:106) [modlauncher-9.1.3.jar%235!/:?]
	at cpw.mods.modlauncher.Launcher.main(Launcher.java:77) [modlauncher-9.1.3.jar%235!/:?]
	at cpw.mods.modlauncher.BootstrapLaunchConsumer.accept(BootstrapLaunchConsumer.java:26) [modlauncher-9.1.3.jar%235!/:?]
	at cpw.mods.modlauncher.BootstrapLaunchConsumer.accept(BootstrapLaunchConsumer.java:23) [modlauncher-9.1.3.jar%235!/:?]
	at cpw.mods.bootstraplauncher.BootstrapLauncher.main(BootstrapLauncher.java:149) [bootstraplauncher-1.0.0.jar:?]
